#
# A fatal error has been detected by the Java Runtime Environment:
#
#  EXCEPTION_ACCESS_VIOLATION (0xc0000005) at pc=0x00007ffbdef81ddb, pid=7584, tid=17348
#
# JRE version: OpenJDK Runtime Environment (15.0.1+9) (build 15.0.1+9-18)
# Java VM: OpenJDK 64-Bit Server VM (15.0.1+9-18, mixed mode, sharing, tiered, compressed oops, g1 gc, windows-amd64)
# Problematic frame:
# V  [jvm.dll+0x651ddb]
#
# No core dump will be written. Minidumps are not enabled by default on client versions of Windows
#
# If you would like to submit a bug report, please visit:
#   https://bugreport.java.com/bugreport/crash.jsp
#

---------------  S U M M A R Y ------------

Command Line: -ea -Didea.test.cyclic.buffer.size=1048576 -javaagent:C:\Program Files\JetBrains\IntelliJ IDEA 2020.3\lib\idea_rt.jar=59050:C:\Program Files\JetBrains\IntelliJ IDEA 2020.3\bin -Dfile.encoding=UTF-8 com.intellij.rt.junit.JUnitStarter -ideVersion5 -junit5 com.scorsaro.bbas.controller.impl.AccountHolderControllerTest

Host: Intel(R) Core(TM) i5-4440 CPU @ 3.10GHz, 4 cores, 7G,  Windows 10 , 64 bit Build 19041 (10.0.19041.804)
Time: Mon Feb 15 00:06:32 2021 W. Europe Standard Time elapsed time: 10.658001 seconds (0d 0h 0m 10s)

---------------  T H R E A D  ---------------

Current thread (0x000001e752e6add0):  JavaThread "C2 CompilerThread0" daemon [_thread_in_native, id=17348, stack(0x00000035a4900000,0x00000035a4a00000)]


Current CompileTask:
C2:  10658 7227       4       org.springframework.core.ResolvableType::resolveType (151 bytes)

Stack: [0x00000035a4900000,0x00000035a4a00000],  sp=0x00000035a49fb880,  free space=1006k
Native frames: (J=compiled Java code, j=interpreted, Vv=VM code, C=native code)
V  [jvm.dll+0x651ddb]
V  [jvm.dll+0x1f453c]
V  [jvm.dll+0x1ebc0c]
V  [jvm.dll+0x1e97a7]
V  [jvm.dll+0x1784c7]
V  [jvm.dll+0x1f9165]
V  [jvm.dll+0x1f720c]
V  [jvm.dll+0x74485d]
V  [jvm.dll+0x73d65a]
V  [jvm.dll+0x629c56]
C  [ucrtbase.dll+0x21bb2]
C  [KERNEL32.DLL+0x17034]
C  [ntdll.dll+0x4d241]


siginfo: EXCEPTION_ACCESS_VIOLATION (0xc0000005), reading address 0x000001e552e8f000


Register to memory mapping:

RIP=0x00007ffbdef81ddb jvm.dll
RAX=0x000001e75c71a5e0 points into unknown readable memory: 0x000001e752e8ef90 | 90 ef e8 52 e7 01 00 00
RBX=0x00000035a49fbaf0 is pointing into the stack for thread: 0x000001e752e6add0
RCX=0x000001e552e8f000 is an unknown value
RDX=0x00000035a49fe8b0 is pointing into the stack for thread: 0x000001e752e6add0
RSP=0x00000035a49fb880 is pointing into the stack for thread: 0x000001e752e6add0
RBP=0x00000035a49fba70 is pointing into the stack for thread: 0x000001e752e6add0
RSI=0x0000000000000c0d is an unknown value
RDI=0x0000000000000022 is an unknown value
R8 =0x00007ffbdf2172e8 jvm.dll
R9 =0x0 is NULL
R10=0x000001e75bd4cd70 points into unknown readable memory: 0x000001e7573bbe38 | 38 be 3b 57 e7 01 00 00
R11=0x000001e753987280 points into unknown readable memory: 0x000001e7573bbe38 | 38 be 3b 57 e7 01 00 00
R12=0x0 is NULL
R13=0x00000035a49fbaf0 is pointing into the stack for thread: 0x000001e752e6add0
R14=0x0000000000006068 is an unknown value
R15=0x000001e752e8ef20 points into unknown readable memory: 0x00007ffbdf2166d0 | d0 66 21 df fb 7f 00 00


Registers:
RAX=0x000001e75c71a5e0, RBX=0x00000035a49fbaf0, RCX=0x000001e552e8f000, RDX=0x00000035a49fe8b0
RSP=0x00000035a49fb880, RBP=0x00000035a49fba70, RSI=0x0000000000000c0d, RDI=0x0000000000000022
R8 =0x00007ffbdf2172e8, R9 =0x0000000000000000, R10=0x000001e75bd4cd70, R11=0x000001e753987280
R12=0x0000000000000000, R13=0x00000035a49fbaf0, R14=0x0000000000006068, R15=0x000001e752e8ef20
RIP=0x00007ffbdef81ddb, EFLAGS=0x0000000000010206

Top of Stack: (sp=0x00000035a49fb880)
0x00000035a49fb880:   00000035a49fbaf0 0000000000000bdc
0x00000035a49fb890:   000001e755fda368 00007ffbdef812ae
0x00000035a49fb8a0:   00000035a49fc478 0000000000000032
0x00000035a49fb8b0:   0000000000002993 0000000000000033
0x00000035a49fb8c0:   000001e7540216e0 00007ffbdeb2453c
0x00000035a49fb8d0:   00000035a49fba70 0000000000000022
0x00000035a49fb8e0:   000001e75533a590 000001e752cc0bc0
0x00000035a49fb8f0:   000001e752e6a4e0 00007ffb00004000
0x00000035a49fb900:   000001e75c17b940 0000003500002993
0x00000035a49fb910:   0000000000000400 000001e755a3c160
0x00000035a49fb920:   0000003500000400 000001e752e6a4e0
0x00000035a49fb930:   0000003500000000 0000000000000001
0x00000035a49fb940:   000001e752cc0bc0 000001e75533a590
0x00000035a49fb950:   0000000000000040 000001e752e6a4e0
0x00000035a49fb960:   0000000000000000 00007ffbdeb1bc0c
0x00000035a49fb970:   00000035a49fe630 00000035a49fba70 

Instructions: (pc=0x00007ffbdef81ddb)
0x00007ffbdef81cdb:   c0 08 48 3b ca 7c ef eb 0d 48 8d 54 24 50 49 8b
0x00007ffbdef81ceb:   c8 e8 9f ac b2 ff 48 8b 06 48 8b ce ff 10 3d e2
0x00007ffbdef81cfb:   00 00 00 75 40 49 8b 46 10 33 c9 48 89 74 24 50
0x00007ffbdef81d0b:   4c 8b 80 a0 01 00 00 49 63 00 85 c0 7e 27 48 8b
0x00007ffbdef81d1b:   d0 49 8b 40 18 48 39 30 74 0e 48 ff c1 48 83 c0
0x00007ffbdef81d2b:   08 48 3b ca 7c ef eb 0d 48 8d 54 24 50 49 8b c8
0x00007ffbdef81d3b:   e8 50 ac b2 ff 48 8b 05 19 1d 40 00 48 8b d6 48
0x00007ffbdef81d4b:   8b 48 28 48 8b 01 ff 90 b0 00 00 00 49 8b 04 24
0x00007ffbdef81d5b:   41 bd 00 40 00 00 49 3b 44 24 10 0f 83 b4 fb ff
0x00007ffbdef81d6b:   ff 4c 8b 7c 24 20 4c 8b 6c 24 28 48 8b 7c 24 68
0x00007ffbdef81d7b:   48 8b 74 24 60 48 8b 6c 24 58 48 83 c4 30 41 5e
0x00007ffbdef81d8b:   41 5c 5b c3 cc 40 53 56 41 54 48 83 ec 30 45 33
0x00007ffbdef81d9b:   e4 48 8b d9 41 8b f4 44 39 61 48 0f 86 29 01 00
0x00007ffbdef81dab:   00 48 89 6c 24 50 48 89 7c 24 58 4c 89 74 24 60
0x00007ffbdef81dbb:   4c 89 7c 24 68 8b c6 4c 8d 34 c5 00 00 00 00 48
0x00007ffbdef81dcb:   8b 43 50 49 8b 0c 06 48 85 c9 0f 84 db 00 00 00
0x00007ffbdef81ddb:   48 8b 01 ff 90 80 00 00 00 8b 4b 48 4c 8b f8 3b
0x00007ffbdef81deb:   f1 0f 82 bc 00 00 00 85 c9 75 51 48 8b 7b 40 c7
0x00007ffbdef81dfb:   43 48 01 00 00 00 48 8b 47 18 48 83 f8 ef 76 16
0x00007ffbdef81e0b:   8d 51 10 48 8b cf 4c 8d 05 78 50 1f 00 e8 33 6b
0x00007ffbdef81e1b:   a4 ff 48 8b 47 18 48 8d 48 10 48 3b 4f 20 76 11
0x00007ffbdef81e2b:   45 33 c0 48 8b cf 41 8d 50 10 e8 66 67 a4 ff eb
0x00007ffbdef81e3b:   04 48 89 4f 18 48 89 43 50 4c 89 20 8b 6b 48 8d
0x00007ffbdef81e4b:   56 01 85 d2 74 04 85 d6 74 18 0f bd c2 ba 1f 00
0x00007ffbdef81e5b:   00 00 b9 20 00 00 00 2b d0 2a ca ba 01 00 00 00
0x00007ffbdef81e6b:   d3 e2 48 8b 4b 40 48 8d 3c ed 00 00 00 00 44 8b
0x00007ffbdef81e7b:   ca 4c 8b c7 89 53 48 48 8b 53 50 49 c1 e1 03 44
0x00007ffbdef81e8b:   89 64 24 20 e8 dc 60 a4 ff 44 8b 43 48 33 d2 44
0x00007ffbdef81e9b:   2b c5 48 89 43 50 49 c1 e0 03 48 8d 0c 07 e8 94
0x00007ffbdef81eab:   7a 18 00 48 8b 43 50 4d 89 3c 06 ff c6 3b 73 48
0x00007ffbdef81ebb:   0f 82 ff fe ff ff 4c 8b 7c 24 68 4c 8b 74 24 60
0x00007ffbdef81ecb:   48 8b 7c 24 58 48 8b 6c 24 50 48 83 c4 30 41 5c 


Stack slot to memory mapping:
stack at sp + 0 slots: 0x00000035a49fbaf0 is pointing into the stack for thread: 0x000001e752e6add0
stack at sp + 1 slots: 0x0000000000000bdc is an unknown value
stack at sp + 2 slots: 0x000001e755fda368 points into unknown readable memory: 0x00007ffbdf1944e8 | e8 44 19 df fb 7f 00 00
stack at sp + 3 slots: 0x00007ffbdef812ae jvm.dll
stack at sp + 4 slots: 0x00000035a49fc478 is pointing into the stack for thread: 0x000001e752e6add0
stack at sp + 5 slots: 0x0000000000000032 is an unknown value
stack at sp + 6 slots: 0x0000000000002993 is an unknown value
stack at sp + 7 slots: 0x0000000000000033 is an unknown value


---------------  P R O C E S S  ---------------

Threads class SMR info:
_java_thread_list=0x000001e757e33ed0, length=16, elements={
0x000001e732c94c10, 0x000001e752e4ae50, 0x000001e752e4ba20, 0x000001e752e65a70,
0x000001e752e68530, 0x000001e752e68fe0, 0x000001e752e6add0, 0x000001e7537e0040,
0x000001e7537e3d30, 0x000001e752e2b670, 0x000001e7539035a0, 0x000001e753904eb0,
0x000001e75744d030, 0x000001e757206030, 0x000001e7558ba5f0, 0x000001e753a13a90
}

Java Threads: ( => current thread )
  0x000001e732c94c10 JavaThread "main" [_thread_in_Java, id=6416, stack(0x00000035a3d00000,0x00000035a3e00000)]
  0x000001e752e4ae50 JavaThread "Reference Handler" daemon [_thread_blocked, id=9412, stack(0x00000035a4400000,0x00000035a4500000)]
  0x000001e752e4ba20 JavaThread "Finalizer" daemon [_thread_blocked, id=1464, stack(0x00000035a4500000,0x00000035a4600000)]
  0x000001e752e65a70 JavaThread "Signal Dispatcher" daemon [_thread_blocked, id=8428, stack(0x00000035a4600000,0x00000035a4700000)]
  0x000001e752e68530 JavaThread "Attach Listener" daemon [_thread_blocked, id=2016, stack(0x00000035a4700000,0x00000035a4800000)]
  0x000001e752e68fe0 JavaThread "Service Thread" daemon [_thread_blocked, id=15212, stack(0x00000035a4800000,0x00000035a4900000)]
=>0x000001e752e6add0 JavaThread "C2 CompilerThread0" daemon [_thread_in_native, id=17348, stack(0x00000035a4900000,0x00000035a4a00000)]
  0x000001e7537e0040 JavaThread "C1 CompilerThread0" daemon [_thread_blocked, id=6040, stack(0x00000035a4a00000,0x00000035a4b00000)]
  0x000001e7537e3d30 JavaThread "Sweeper thread" daemon [_thread_blocked, id=13712, stack(0x00000035a4b00000,0x00000035a4c00000)]
  0x000001e752e2b670 JavaThread "Common-Cleaner" daemon [_thread_blocked, id=10236, stack(0x00000035a4c00000,0x00000035a4d00000)]
  0x000001e7539035a0 JavaThread "Monitor Ctrl-Break" daemon [_thread_in_native, id=14580, stack(0x00000035a4d00000,0x00000035a4e00000)]
  0x000001e753904eb0 JavaThread "Notification Thread" daemon [_thread_blocked, id=11356, stack(0x00000035a4e00000,0x00000035a4f00000)]
  0x000001e75744d030 JavaThread "mysql-cj-abandoned-connection-cleanup" daemon [_thread_blocked, id=11100, stack(0x00000035a5300000,0x00000035a5400000)]
  0x000001e757206030 JavaThread "HikariPool-1 housekeeper" daemon [_thread_blocked, id=16968, stack(0x00000035a5600000,0x00000035a5700000)]
  0x000001e7558ba5f0 JavaThread "HikariPool-1 connection adder" daemon [_thread_blocked, id=9680, stack(0x00000035a5700000,0x00000035a5800000)]
  0x000001e753a13a90 JavaThread "C2 CompilerThread1" daemon [_thread_in_native, id=15504, stack(0x00000035a5000000,0x00000035a5100000)]

Other Threads:
  0x000001e752e45a10 VMThread "VM Thread" [stack: 0x00000035a4300000,0x00000035a4400000] [id=6492]
  0x000001e732c95dc0 WatcherThread [stack: 0x00000035a4f00000,0x00000035a5000000] [id=7928]
  0x000001e732ccffd0 GCTaskThread "GC Thread#0" [stack: 0x00000035a3e00000,0x00000035a3f00000] [id=6548]
  0x000001e753aa20c0 GCTaskThread "GC Thread#1" [stack: 0x00000035a5100000,0x00000035a5200000] [id=11808]
  0x000001e753aa1400 GCTaskThread "GC Thread#2" [stack: 0x00000035a5200000,0x00000035a5300000] [id=4364]
  0x000001e755df9ed0 GCTaskThread "GC Thread#3" [stack: 0x00000035a5400000,0x00000035a5500000] [id=17264]
  0x000001e732ce2ec0 ConcurrentGCThread "G1 Main Marker" [stack: 0x00000035a3f00000,0x00000035a4000000] [id=14736]
  0x000001e732ce4390 ConcurrentGCThread "G1 Conc#0" [stack: 0x00000035a4000000,0x00000035a4100000] [id=16500]
  0x000001e732d5b7a0 ConcurrentGCThread "G1 Refine#0" [stack: 0x00000035a4100000,0x00000035a4200000] [id=13636]
  0x000001e732d5cb40 ConcurrentGCThread "G1 Young RemSet Sampling" [stack: 0x00000035a4200000,0x00000035a4300000] [id=13980]

Threads with active compile tasks:
C2 CompilerThread0    10719 7227       4       org.springframework.core.ResolvableType::resolveType (151 bytes)
C2 CompilerThread1    10719 6751       4       org.springframework.core.annotation.TypeMappedAnnotations::scan (62 bytes)

VM state: not at safepoint (normal execution)

VM Mutex/Monitor currently owned by a thread: None

Heap address: 0x0000000081400000, size: 2028 MB, Compressed Oops mode: 32-bit
CDS archive(s) mapped at: [0x0000000800000000-0x0000000800b50000-0x0000000800b50000), size 11862016, SharedBaseAddress: 0x0000000800000000, ArchiveRelocationMode: 0.
Compressed class space mapped at: 0x0000000800b50000-0x0000000840b50000, size: 1073741824
Narrow klass base: 0x0000000800000000, Narrow klass shift: 3, Narrow klass range: 0x100000000

GC Precious Log:
 CPUs: 4 total, 4 available
 Memory: 8111M
 Large Page Support: Disabled
 NUMA Support: Disabled
 Compressed Oops: Enabled (32-bit)
 Heap Region Size: 1M
 Heap Min Capacity: 8M
 Heap Initial Capacity: 128M
 Heap Max Capacity: 2028M
 Pre-touch: Disabled
 Parallel Workers: 4
 Concurrent Workers: 1
 Concurrent Refinement Workers: 4
 Periodic GC: Disabled

Heap:
 garbage-first heap   total 107520K, used 45172K [0x0000000081400000, 0x0000000100000000)
  region size 1024K, 6 young (6144K), 2 survivors (2048K)
 Metaspace       used 68348K, capacity 69010K, committed 69196K, reserved 1110016K
  class space    used 9092K, capacity 9312K, committed 9344K, reserved 1048576K

Heap Regions: E=young(eden), S=young(survivor), O=old, HS=humongous(starts), HC=humongous(continues), CS=collection set, F=free, OA=open archive, CA=closed archive, TAMS=top-at-mark-start (previous, next)
|   0|0x0000000081400000, 0x0000000081500000, 0x0000000081500000|100%|HS|  |TAMS 0x0000000081500000, 0x0000000081400000| Complete 
|   1|0x0000000081500000, 0x0000000081600000, 0x0000000081600000|100%| O|  |TAMS 0x0000000081600000, 0x0000000081500000| Untracked 
|   2|0x0000000081600000, 0x0000000081700000, 0x0000000081700000|100%| O|  |TAMS 0x0000000081700000, 0x0000000081600000| Untracked 
|   3|0x0000000081700000, 0x0000000081800000, 0x0000000081800000|100%| O|  |TAMS 0x0000000081800000, 0x0000000081700000| Untracked 
|   4|0x0000000081800000, 0x0000000081900000, 0x0000000081900000|100%| O|  |TAMS 0x0000000081900000, 0x0000000081800000| Untracked 
|   5|0x0000000081900000, 0x0000000081a00000, 0x0000000081a00000|100%| O|  |TAMS 0x0000000081a00000, 0x0000000081900000| Untracked 
|   6|0x0000000081a00000, 0x0000000081b00000, 0x0000000081b00000|100%| O|  |TAMS 0x0000000081b00000, 0x0000000081a00000| Untracked 
|   7|0x0000000081b00000, 0x0000000081b05800, 0x0000000081c00000|  2%| O|  |TAMS 0x0000000081b05800, 0x0000000081b00000| Untracked 
|   8|0x0000000081c00000, 0x0000000081d00000, 0x0000000081d00000|100%| O|  |TAMS 0x0000000081d00000, 0x0000000081c00000| Untracked 
|   9|0x0000000081d00000, 0x0000000081e00000, 0x0000000081e00000|100%| O|  |TAMS 0x0000000081e00000, 0x0000000081d00000| Untracked 
|  10|0x0000000081e00000, 0x0000000081f00000, 0x0000000081f00000|100%| O|  |TAMS 0x0000000081f00000, 0x0000000081e00000| Untracked 
|  11|0x0000000081f00000, 0x0000000082000000, 0x0000000082000000|100%| O|  |TAMS 0x0000000082000000, 0x0000000081f00000| Untracked 
|  12|0x0000000082000000, 0x0000000082100000, 0x0000000082100000|100%| O|  |TAMS 0x0000000082100000, 0x0000000082000000| Untracked 
|  13|0x0000000082100000, 0x0000000082200000, 0x0000000082200000|100%| O|  |TAMS 0x0000000082200000, 0x0000000082100000| Untracked 
|  14|0x0000000082200000, 0x0000000082300000, 0x0000000082300000|100%| O|  |TAMS 0x0000000082300000, 0x0000000082200000| Untracked 
|  15|0x0000000082300000, 0x0000000082400000, 0x0000000082400000|100%| O|  |TAMS 0x0000000082400000, 0x0000000082300000| Untracked 
|  16|0x0000000082400000, 0x0000000082500000, 0x0000000082500000|100%| O|  |TAMS 0x0000000082500000, 0x0000000082400000| Untracked 
|  17|0x0000000082500000, 0x0000000082600000, 0x0000000082600000|100%| O|  |TAMS 0x0000000082600000, 0x0000000082500000| Untracked 
|  18|0x0000000082600000, 0x0000000082700000, 0x0000000082700000|100%| O|  |TAMS 0x0000000082700000, 0x0000000082600000| Untracked 
|  19|0x0000000082700000, 0x0000000082800000, 0x0000000082800000|100%| O|  |TAMS 0x0000000082800000, 0x0000000082700000| Untracked 
|  20|0x0000000082800000, 0x0000000082900000, 0x0000000082900000|100%| O|  |TAMS 0x0000000082900000, 0x0000000082800000| Untracked 
|  21|0x0000000082900000, 0x0000000082a00000, 0x0000000082a00000|100%| O|  |TAMS 0x0000000082a00000, 0x0000000082900000| Untracked 
|  22|0x0000000082a00000, 0x0000000082b00000, 0x0000000082b00000|100%| O|  |TAMS 0x0000000082b00000, 0x0000000082a00000| Untracked 
|  23|0x0000000082b00000, 0x0000000082c00000, 0x0000000082c00000|100%| O|  |TAMS 0x0000000082c00000, 0x0000000082b00000| Untracked 
|  24|0x0000000082c00000, 0x0000000082d00000, 0x0000000082d00000|100%| O|  |TAMS 0x0000000082d00000, 0x0000000082c00000| Untracked 
|  25|0x0000000082d00000, 0x0000000082e00000, 0x0000000082e00000|100%| O|  |TAMS 0x0000000082e00000, 0x0000000082d00000| Untracked 
|  26|0x0000000082e00000, 0x0000000082f00000, 0x0000000082f00000|100%| O|  |TAMS 0x0000000082f00000, 0x0000000082e00000| Untracked 
|  27|0x0000000082f00000, 0x0000000083000000, 0x0000000083000000|100%| O|  |TAMS 0x0000000083000000, 0x0000000082f00000| Untracked 
|  28|0x0000000083000000, 0x0000000083100000, 0x0000000083100000|100%| O|  |TAMS 0x0000000083100000, 0x0000000083000000| Untracked 
|  29|0x0000000083100000, 0x0000000083200000, 0x0000000083200000|100%| O|  |TAMS 0x0000000083200000, 0x0000000083100000| Untracked 
|  30|0x0000000083200000, 0x0000000083300000, 0x0000000083300000|100%| O|  |TAMS 0x0000000083300000, 0x0000000083200000| Untracked 
|  31|0x0000000083300000, 0x0000000083400000, 0x0000000083400000|100%| O|  |TAMS 0x0000000083314400, 0x0000000083300000| Untracked 
|  32|0x0000000083400000, 0x0000000083500000, 0x0000000083500000|100%| O|  |TAMS 0x0000000083400000, 0x0000000083400000| Untracked 
|  33|0x0000000083500000, 0x0000000083600000, 0x0000000083600000|100%| O|  |TAMS 0x0000000083500000, 0x0000000083500000| Untracked 
|  34|0x0000000083600000, 0x0000000083700000, 0x0000000083700000|100%| O|  |TAMS 0x0000000083600000, 0x0000000083600000| Untracked 
|  35|0x0000000083700000, 0x0000000083800000, 0x0000000083800000|100%| O|  |TAMS 0x0000000083700000, 0x0000000083700000| Untracked 
|  36|0x0000000083800000, 0x0000000083900000, 0x0000000083900000|100%| O|  |TAMS 0x0000000083800000, 0x0000000083800000| Untracked 
|  37|0x0000000083900000, 0x0000000083a00000, 0x0000000083a00000|100%| O|  |TAMS 0x0000000083900000, 0x0000000083900000| Untracked 
|  38|0x0000000083a00000, 0x0000000083b00000, 0x0000000083b00000|100%| O|  |TAMS 0x0000000083a00000, 0x0000000083a00000| Untracked 
|  39|0x0000000083b00000, 0x0000000083c00000, 0x0000000083c00000|100%| O|  |TAMS 0x0000000083b00000, 0x0000000083b00000| Untracked 
|  40|0x0000000083c00000, 0x0000000083c62a00, 0x0000000083d00000| 38%| O|  |TAMS 0x0000000083c00000, 0x0000000083c00000| Untracked 
|  41|0x0000000083d00000, 0x0000000083d00000, 0x0000000083e00000|  0%| F|  |TAMS 0x0000000083d00000, 0x0000000083d00000| Untracked 
|  42|0x0000000083e00000, 0x0000000083e00000, 0x0000000083f00000|  0%| F|  |TAMS 0x0000000083e00000, 0x0000000083e00000| Untracked 
|  43|0x0000000083f00000, 0x0000000083f00000, 0x0000000084000000|  0%| F|  |TAMS 0x0000000083f00000, 0x0000000083f00000| Untracked 
|  44|0x0000000084000000, 0x0000000084000000, 0x0000000084100000|  0%| F|  |TAMS 0x0000000084000000, 0x0000000084000000| Untracked 
|  45|0x0000000084100000, 0x0000000084100000, 0x0000000084200000|  0%| F|  |TAMS 0x0000000084100000, 0x0000000084100000| Untracked 
|  46|0x0000000084200000, 0x0000000084200000, 0x0000000084300000|  0%| F|  |TAMS 0x0000000084200000, 0x0000000084200000| Untracked 
|  47|0x0000000084300000, 0x0000000084300000, 0x0000000084400000|  0%| F|  |TAMS 0x0000000084300000, 0x0000000084300000| Untracked 
|  48|0x0000000084400000, 0x0000000084400000, 0x0000000084500000|  0%| F|  |TAMS 0x0000000084400000, 0x0000000084400000| Untracked 
|  49|0x0000000084500000, 0x0000000084500000, 0x0000000084600000|  0%| F|  |TAMS 0x0000000084500000, 0x0000000084500000| Untracked 
|  50|0x0000000084600000, 0x0000000084600000, 0x0000000084700000|  0%| F|  |TAMS 0x0000000084600000, 0x0000000084600000| Untracked 
|  51|0x0000000084700000, 0x0000000084700000, 0x0000000084800000|  0%| F|  |TAMS 0x0000000084700000, 0x0000000084700000| Untracked 
|  52|0x0000000084800000, 0x0000000084800000, 0x0000000084900000|  0%| F|  |TAMS 0x0000000084800000, 0x0000000084800000| Untracked 
|  53|0x0000000084900000, 0x0000000084900000, 0x0000000084a00000|  0%| F|  |TAMS 0x0000000084900000, 0x0000000084900000| Untracked 
|  54|0x0000000084a00000, 0x0000000084a00000, 0x0000000084b00000|  0%| F|  |TAMS 0x0000000084a00000, 0x0000000084a00000| Untracked 
|  55|0x0000000084b00000, 0x0000000084b00000, 0x0000000084c00000|  0%| F|  |TAMS 0x0000000084b00000, 0x0000000084b00000| Untracked 
|  56|0x0000000084c00000, 0x0000000084c00000, 0x0000000084d00000|  0%| F|  |TAMS 0x0000000084c00000, 0x0000000084c00000| Untracked 
|  57|0x0000000084d00000, 0x0000000084db5060, 0x0000000084e00000| 70%| S|CS|TAMS 0x0000000084d00000, 0x0000000084d00000| Complete 
|  58|0x0000000084e00000, 0x0000000084f00000, 0x0000000084f00000|100%| S|CS|TAMS 0x0000000084e00000, 0x0000000084e00000| Complete 
|  59|0x0000000084f00000, 0x0000000084f00000, 0x0000000085000000|  0%| F|  |TAMS 0x0000000084f00000, 0x0000000084f00000| Untracked 
|  60|0x0000000085000000, 0x0000000085000000, 0x0000000085100000|  0%| F|  |TAMS 0x0000000085000000, 0x0000000085000000| Untracked 
|  61|0x0000000085100000, 0x0000000085100000, 0x0000000085200000|  0%| F|  |TAMS 0x0000000085100000, 0x0000000085100000| Untracked 
|  62|0x0000000085200000, 0x0000000085200000, 0x0000000085300000|  0%| F|  |TAMS 0x0000000085200000, 0x0000000085200000| Untracked 
|  63|0x0000000085300000, 0x0000000085300000, 0x0000000085400000|  0%| F|  |TAMS 0x0000000085300000, 0x0000000085300000| Untracked 
|  64|0x0000000085400000, 0x0000000085400000, 0x0000000085500000|  0%| F|  |TAMS 0x0000000085400000, 0x0000000085400000| Untracked 
|  65|0x0000000085500000, 0x0000000085500000, 0x0000000085600000|  0%| F|  |TAMS 0x0000000085500000, 0x0000000085500000| Untracked 
|  66|0x0000000085600000, 0x0000000085600000, 0x0000000085700000|  0%| F|  |TAMS 0x0000000085600000, 0x0000000085600000| Untracked 
|  67|0x0000000085700000, 0x0000000085700000, 0x0000000085800000|  0%| F|  |TAMS 0x0000000085700000, 0x0000000085700000| Untracked 
|  68|0x0000000085800000, 0x0000000085800000, 0x0000000085900000|  0%| F|  |TAMS 0x0000000085800000, 0x0000000085800000| Untracked 
|  69|0x0000000085900000, 0x0000000085900000, 0x0000000085a00000|  0%| F|  |TAMS 0x0000000085900000, 0x0000000085900000| Untracked 
|  70|0x0000000085a00000, 0x0000000085a00000, 0x0000000085b00000|  0%| F|  |TAMS 0x0000000085a00000, 0x0000000085a00000| Untracked 
|  71|0x0000000085b00000, 0x0000000085b00000, 0x0000000085c00000|  0%| F|  |TAMS 0x0000000085b00000, 0x0000000085b00000| Untracked 
|  72|0x0000000085c00000, 0x0000000085c00000, 0x0000000085d00000|  0%| F|  |TAMS 0x0000000085c00000, 0x0000000085c00000| Untracked 
|  73|0x0000000085d00000, 0x0000000085d00000, 0x0000000085e00000|  0%| F|  |TAMS 0x0000000085d00000, 0x0000000085d00000| Untracked 
|  74|0x0000000085e00000, 0x0000000085e00000, 0x0000000085f00000|  0%| F|  |TAMS 0x0000000085e00000, 0x0000000085e00000| Untracked 
|  75|0x0000000085f00000, 0x0000000085f00000, 0x0000000086000000|  0%| F|  |TAMS 0x0000000085f00000, 0x0000000085f00000| Untracked 
|  76|0x0000000086000000, 0x0000000086000000, 0x0000000086100000|  0%| F|  |TAMS 0x0000000086000000, 0x0000000086000000| Untracked 
|  77|0x0000000086100000, 0x0000000086100000, 0x0000000086200000|  0%| F|  |TAMS 0x0000000086100000, 0x0000000086100000| Untracked 
|  78|0x0000000086200000, 0x0000000086200000, 0x0000000086300000|  0%| F|  |TAMS 0x0000000086200000, 0x0000000086200000| Untracked 
|  79|0x0000000086300000, 0x0000000086300000, 0x0000000086400000|  0%| F|  |TAMS 0x0000000086300000, 0x0000000086300000| Untracked 
|  80|0x0000000086400000, 0x0000000086400000, 0x0000000086500000|  0%| F|  |TAMS 0x0000000086400000, 0x0000000086400000| Untracked 
|  81|0x0000000086500000, 0x0000000086500000, 0x0000000086600000|  0%| F|  |TAMS 0x0000000086500000, 0x0000000086500000| Untracked 
|  82|0x0000000086600000, 0x0000000086600000, 0x0000000086700000|  0%| F|  |TAMS 0x0000000086600000, 0x0000000086600000| Untracked 
|  83|0x0000000086700000, 0x0000000086700000, 0x0000000086800000|  0%| F|  |TAMS 0x0000000086700000, 0x0000000086700000| Untracked 
|  84|0x0000000086800000, 0x0000000086800000, 0x0000000086900000|  0%| F|  |TAMS 0x0000000086800000, 0x0000000086800000| Untracked 
|  85|0x0000000086900000, 0x0000000086900000, 0x0000000086a00000|  0%| F|  |TAMS 0x0000000086900000, 0x0000000086900000| Untracked 
|  86|0x0000000086a00000, 0x0000000086a00000, 0x0000000086b00000|  0%| F|  |TAMS 0x0000000086a00000, 0x0000000086a00000| Untracked 
|  87|0x0000000086b00000, 0x0000000086b00000, 0x0000000086c00000|  0%| F|  |TAMS 0x0000000086b00000, 0x0000000086b00000| Untracked 
|  88|0x0000000086c00000, 0x0000000086c00000, 0x0000000086d00000|  0%| F|  |TAMS 0x0000000086c00000, 0x0000000086c00000| Untracked 
|  89|0x0000000086d00000, 0x0000000086d00000, 0x0000000086e00000|  0%| F|  |TAMS 0x0000000086d00000, 0x0000000086d00000| Untracked 
|  90|0x0000000086e00000, 0x0000000086e00000, 0x0000000086f00000|  0%| F|  |TAMS 0x0000000086e00000, 0x0000000086e00000| Untracked 
|  91|0x0000000086f00000, 0x0000000086f00000, 0x0000000087000000|  0%| F|  |TAMS 0x0000000086f00000, 0x0000000086f00000| Untracked 
|  92|0x0000000087000000, 0x0000000087000000, 0x0000000087100000|  0%| F|  |TAMS 0x0000000087000000, 0x0000000087000000| Untracked 
|  93|0x0000000087100000, 0x0000000087100000, 0x0000000087200000|  0%| F|  |TAMS 0x0000000087100000, 0x0000000087100000| Untracked 
|  94|0x0000000087200000, 0x0000000087200000, 0x0000000087300000|  0%| F|  |TAMS 0x0000000087200000, 0x0000000087200000| Untracked 
|  95|0x0000000087300000, 0x0000000087300000, 0x0000000087400000|  0%| F|  |TAMS 0x0000000087300000, 0x0000000087300000| Untracked 
|  96|0x0000000087400000, 0x0000000087400000, 0x0000000087500000|  0%| F|  |TAMS 0x0000000087400000, 0x0000000087400000| Untracked 
|  97|0x0000000087500000, 0x0000000087500000, 0x0000000087600000|  0%| F|  |TAMS 0x0000000087500000, 0x0000000087500000| Untracked 
|  98|0x0000000087600000, 0x0000000087600000, 0x0000000087700000|  0%| F|  |TAMS 0x0000000087600000, 0x0000000087600000| Untracked 
|  99|0x0000000087700000, 0x0000000087700000, 0x0000000087800000|  0%| F|  |TAMS 0x0000000087700000, 0x0000000087700000| Untracked 
| 100|0x0000000087800000, 0x0000000087800000, 0x0000000087900000|  0%| F|  |TAMS 0x0000000087800000, 0x0000000087800000| Untracked 
| 101|0x0000000087900000, 0x0000000087a00000, 0x0000000087a00000|100%| E|  |TAMS 0x0000000087900000, 0x0000000087900000| Complete 
| 102|0x0000000087a00000, 0x0000000087b00000, 0x0000000087b00000|100%| E|CS|TAMS 0x0000000087a00000, 0x0000000087a00000| Complete 
| 103|0x0000000087b00000, 0x0000000087c00000, 0x0000000087c00000|100%| E|CS|TAMS 0x0000000087b00000, 0x0000000087b00000| Complete 
| 127|0x0000000089300000, 0x0000000089400000, 0x0000000089400000|100%| E|CS|TAMS 0x0000000089300000, 0x0000000089300000| Complete 

Card table byte_map: [0x000001e74c0d0000,0x000001e74c4d0000] _byte_map_base: 0x000001e74bcc6000

Marking Bits (Prev, Next): (CMBitMap*) 0x000001e732cd2820, (CMBitMap*) 0x000001e732cd27e0
 Prev Bits: [0x000001e74e880000, 0x000001e750830000)
 Next Bits: [0x000001e74c8d0000, 0x000001e74e880000)

Polling page: 0x000001e732d60000

Metaspace:

Usage:
  Non-class:     58.30 MB capacity,    57.87 MB (>99%) used,   348.55 KB ( <1%) free+waste,    93.44 KB ( <1%) overhead. 
      Class:      9.09 MB capacity,     8.88 MB ( 98%) used,   183.16 KB (  2%) free+waste,    36.06 KB ( <1%) overhead. 
       Both:     67.39 MB capacity,    66.75 MB (>99%) used,   531.71 KB ( <1%) free+waste,   129.50 KB ( <1%) overhead. 

Virtual space:
  Non-class space:       60.00 MB reserved,      58.45 MB ( 97%) committed 
      Class space:        1.00 GB reserved,       9.12 MB ( <1%) committed 
             Both:        1.06 GB reserved,      67.57 MB (  6%) committed 

Chunk freelists:
   Non-Class:  26.00 KB
       Class:  0 bytes
        Both:  26.00 KB

MaxMetaspaceSize: 17179869184.00 GB
CompressedClassSpaceSize: 1.00 GB

CodeHeap 'non-profiled nmethods': size=120000Kb used=3681Kb max_used=3681Kb free=116319Kb
 bounds [0x000001e744170000, 0x000001e744510000, 0x000001e74b6a0000]
CodeHeap 'profiled nmethods': size=120000Kb used=12307Kb max_used=12307Kb free=107692Kb
 bounds [0x000001e73cc40000, 0x000001e73d850000, 0x000001e744170000]
CodeHeap 'non-nmethods': size=5760Kb used=1342Kb max_used=1404Kb free=4417Kb
 bounds [0x000001e73c6a0000, 0x000001e73c910000, 0x000001e73cc40000]
 total_blobs=7091 nmethods=6452 adapters=550
 compilation: enabled
              stopped_count=0, restarted_count=0
 full_count=0

Compilation events (20 events):
Event: 10.602 Thread 0x000001e7537e0040 7257       2       org.mockito.internal.util.MockUtil::resolve (50 bytes)
Event: 10.602 Thread 0x000001e7537e0040 nmethod 7257 0x000001e73d841290 code [0x000001e73d841460, 0x000001e73d841758]
Event: 10.602 Thread 0x000001e7537e0040 7254       2       org.springframework.boot.test.mock.mockito.SpringBootMockResolver::resolve (5 bytes)
Event: 10.602 Thread 0x000001e7537e0040 nmethod 7254 0x000001e73d841910 code [0x000001e73d841aa0, 0x000001e73d841ba8]
Event: 10.602 Thread 0x000001e7537e0040 7255   !   2       org.springframework.test.util.AopTestUtils::getUltimateTargetObject (61 bytes)
Event: 10.602 Thread 0x000001e7537e0040 nmethod 7255 0x000001e73d841c90 code [0x000001e73d841e80, 0x000001e73d842278]
Event: 10.602 Thread 0x000001e7537e0040 7256       2       org.mockito.internal.creation.bytebuddy.SubclassByteBuddyMockMaker::getHandler (22 bytes)
Event: 10.602 Thread 0x000001e7537e0040 nmethod 7256 0x000001e73d842490 code [0x000001e73d842640, 0x000001e73d842878]
Event: 10.603 Thread 0x000001e7537e0040 7258       2       org.springframework.core.annotation.AnnotationUtils::isInJavaLangAnnotationPackage (22 bytes)
Event: 10.603 Thread 0x000001e7537e0040 nmethod 7258 0x000001e73d842990 code [0x000001e73d842b20, 0x000001e73d842c48]
Event: 10.603 Thread 0x000001e7537e0040 7259       2       org.springframework.core.annotation.TypeMappedAnnotations::get (52 bytes)
Event: 10.603 Thread 0x000001e7537e0040 nmethod 7259 0x000001e73d842d10 code [0x000001e73d842ee0, 0x000001e73d843188]
Event: 10.607 Thread 0x000001e7537e0040 7261       2       java.util.stream.Collectors::toCollection (22 bytes)
Event: 10.607 Thread 0x000001e7537e0040 nmethod 7261 0x000001e73d843310 code [0x000001e73d8434c0, 0x000001e73d843648]
Event: 10.611 Thread 0x000001e7537e0040 7264       2       org.springframework.test.context.TestContextAnnotationUtils::findAnnotationDescriptor (256 bytes)
Event: 10.612 Thread 0x000001e7537e0040 nmethod 7264 0x000001e73d843710 code [0x000001e73d843a60, 0x000001e73d844678]
Event: 10.613 Thread 0x000001e7537e0040 7265       1       ch.qos.logback.core.UnsynchronizedAppenderBase::isStarted (5 bytes)
Event: 10.613 Thread 0x000001e7537e0040 nmethod 7265 0x000001e744507e10 code [0x000001e744507fa0, 0x000001e744508058]
Event: 10.615 Thread 0x000001e7537e0040 7266       1       java.util.Calendar::getZone (5 bytes)
Event: 10.615 Thread 0x000001e7537e0040 nmethod 7266 0x000001e744508110 code [0x000001e7445082a0, 0x000001e744508358]

GC Heap History (20 events):
Event: 5.682 GC heap before
{Heap before GC invocations=12 (full 0):
 garbage-first heap   total 73728K, used 54619K [0x0000000081400000, 0x0000000100000000)
  region size 1024K, 35 young (35840K), 4 survivors (4096K)
 Metaspace       used 44810K, capacity 45245K, committed 45516K, reserved 1089536K
  class space    used 5890K, capacity 6058K, committed 6144K, reserved 1048576K
}
Event: 5.689 GC heap after
{Heap after GC invocations=13 (full 0):
 garbage-first heap   total 73728K, used 25843K [0x0000000081400000, 0x0000000100000000)
  region size 1024K, 3 young (3072K), 3 survivors (3072K)
 Metaspace       used 44810K, capacity 45245K, committed 45516K, reserved 1089536K
  class space    used 5890K, capacity 6058K, committed 6144K, reserved 1048576K
}
Event: 6.136 GC heap before
{Heap before GC invocations=13 (full 0):
 garbage-first heap   total 73728K, used 53491K [0x0000000081400000, 0x0000000100000000)
  region size 1024K, 31 young (31744K), 3 survivors (3072K)
 Metaspace       used 49944K, capacity 50389K, committed 50508K, reserved 1093632K
  class space    used 6614K, capacity 6767K, committed 6784K, reserved 1048576K
}
Event: 6.141 GC heap after
{Heap after GC invocations=14 (full 0):
 garbage-first heap   total 73728K, used 27800K [0x0000000081400000, 0x0000000100000000)
  region size 1024K, 2 young (2048K), 2 survivors (2048K)
 Metaspace       used 49944K, capacity 50389K, committed 50508K, reserved 1093632K
  class space    used 6614K, capacity 6767K, committed 6784K, reserved 1048576K
}
Event: 7.898 GC heap before
{Heap before GC invocations=14 (full 0):
 garbage-first heap   total 73728K, used 56472K [0x0000000081400000, 0x0000000100000000)
  region size 1024K, 30 young (30720K), 2 survivors (2048K)
 Metaspace       used 53259K, capacity 53729K, committed 53836K, reserved 1095680K
  class space    used 7049K, capacity 7236K, committed 7296K, reserved 1048576K
}
Event: 7.904 GC heap after
{Heap after GC invocations=15 (full 0):
 garbage-first heap   total 73728K, used 28697K [0x0000000081400000, 0x0000000100000000)
  region size 1024K, 3 young (3072K), 3 survivors (3072K)
 Metaspace       used 53259K, capacity 53729K, committed 53836K, reserved 1095680K
  class space    used 7049K, capacity 7236K, committed 7296K, reserved 1048576K
}
Event: 8.287 GC heap before
{Heap before GC invocations=15 (full 0):
 garbage-first heap   total 73728K, used 55321K [0x0000000081400000, 0x0000000100000000)
  region size 1024K, 30 young (30720K), 3 survivors (3072K)
 Metaspace       used 56834K, capacity 57354K, committed 57548K, reserved 1099776K
  class space    used 7483K, capacity 7655K, committed 7680K, reserved 1048576K
}
Event: 8.296 GC heap after
{Heap after GC invocations=16 (full 0):
 garbage-first heap   total 73728K, used 31133K [0x0000000081400000, 0x0000000100000000)
  region size 1024K, 4 young (4096K), 4 survivors (4096K)
 Metaspace       used 56834K, capacity 57354K, committed 57548K, reserved 1099776K
  class space    used 7483K, capacity 7655K, committed 7680K, reserved 1048576K
}
Event: 8.584 GC heap before
{Heap before GC invocations=16 (full 0):
 garbage-first heap   total 73728K, used 56733K [0x0000000081400000, 0x0000000100000000)
  region size 1024K, 30 young (30720K), 4 survivors (4096K)
 Metaspace       used 58698K, capacity 59198K, committed 59340K, reserved 1101824K
  class space    used 7671K, capacity 7832K, committed 7936K, reserved 1048576K
}
Event: 8.592 GC heap after
{Heap after GC invocations=17 (full 0):
 garbage-first heap   total 73728K, used 32440K [0x0000000081400000, 0x0000000100000000)
  region size 1024K, 2 young (2048K), 2 survivors (2048K)
 Metaspace       used 58698K, capacity 59198K, committed 59340K, reserved 1101824K
  class space    used 7671K, capacity 7832K, committed 7936K, reserved 1048576K
}
Event: 8.848 GC heap before
{Heap before GC invocations=17 (full 0):
 garbage-first heap   total 73728K, used 57016K [0x0000000081400000, 0x0000000100000000)
  region size 1024K, 26 young (26624K), 2 survivors (2048K)
 Metaspace       used 59332K, capacity 59817K, committed 59852K, reserved 1101824K
  class space    used 7739K, capacity 7907K, committed 7936K, reserved 1048576K
}
Event: 8.855 GC heap after
{Heap after GC invocations=18 (full 0):
 garbage-first heap   total 89088K, used 33674K [0x0000000081400000, 0x0000000100000000)
  region size 1024K, 3 young (3072K), 3 survivors (3072K)
 Metaspace       used 59332K, capacity 59817K, committed 59852K, reserved 1101824K
  class space    used 7739K, capacity 7907K, committed 7936K, reserved 1048576K
}
Event: 8.905 GC heap before
{Heap before GC invocations=18 (full 0):
 garbage-first heap   total 89088K, used 35722K [0x0000000081400000, 0x0000000100000000)
  region size 1024K, 6 young (6144K), 3 survivors (3072K)
 Metaspace       used 59636K, capacity 60105K, committed 60236K, reserved 1101824K
  class space    used 7773K, capacity 7939K, committed 8064K, reserved 1048576K
}
Event: 8.912 GC heap after
{Heap after GC invocations=19 (full 0):
 garbage-first heap   total 89088K, used 34256K [0x0000000081400000, 0x0000000100000000)
  region size 1024K, 3 young (3072K), 3 survivors (3072K)
 Metaspace       used 59636K, capacity 60105K, committed 60236K, reserved 1101824K
  class space    used 7773K, capacity 7939K, committed 8064K, reserved 1048576K
}
Event: 9.422 GC heap before
{Heap before GC invocations=20 (full 0):
 garbage-first heap   total 89088K, used 69072K [0x0000000081400000, 0x0000000100000000)
  region size 1024K, 37 young (37888K), 3 survivors (3072K)
 Metaspace       used 62240K, capacity 62850K, committed 62924K, reserved 1103872K
  class space    used 8202K, capacity 8424K, committed 8448K, reserved 1048576K
}
Event: 9.432 GC heap after
{Heap after GC invocations=21 (full 0):
 garbage-first heap   total 89088K, used 37778K [0x0000000081400000, 0x0000000100000000)
  region size 1024K, 5 young (5120K), 5 survivors (5120K)
 Metaspace       used 62240K, capacity 62850K, committed 62924K, reserved 1103872K
  class space    used 8202K, capacity 8424K, committed 8448K, reserved 1048576K
}
Event: 9.883 GC heap before
{Heap before GC invocations=21 (full 0):
 garbage-first heap   total 89088K, used 70546K [0x0000000081400000, 0x0000000100000000)
  region size 1024K, 37 young (37888K), 5 survivors (5120K)
 Metaspace       used 64530K, capacity 65107K, committed 65356K, reserved 1105920K
  class space    used 8518K, capacity 8720K, committed 8832K, reserved 1048576K
}
Event: 9.898 GC heap after
{Heap after GC invocations=22 (full 0):
 garbage-first heap   total 89088K, used 41289K [0x0000000081400000, 0x0000000100000000)
  region size 1024K, 4 young (4096K), 4 survivors (4096K)
 Metaspace       used 64530K, capacity 65107K, committed 65356K, reserved 1105920K
  class space    used 8518K, capacity 8720K, committed 8832K, reserved 1048576K
}
Event: 10.547 GC heap before
{Heap before GC invocations=22 (full 0):
 garbage-first heap   total 89088K, used 69961K [0x0000000081400000, 0x0000000100000000)
  region size 1024K, 32 young (32768K), 4 survivors (4096K)
 Metaspace       used 68035K, capacity 68687K, committed 68940K, reserved 1110016K
  class space    used 9044K, capacity 9247K, committed 9344K, reserved 1048576K
}
Event: 10.556 GC heap after
{Heap after GC invocations=23 (full 0):
 garbage-first heap   total 107520K, used 42100K [0x0000000081400000, 0x0000000100000000)
  region size 1024K, 2 young (2048K), 2 survivors (2048K)
 Metaspace       used 68035K, capacity 68687K, committed 68940K, reserved 1110016K
  class space    used 9044K, capacity 9247K, committed 9344K, reserved 1048576K
}

Deoptimization events (20 events):
Event: 10.506 Thread 0x000001e732c94c10 Uncommon trap: trap_request=0xffffff45 fr.pc=0x000001e74422db58 relative=0x0000000000000058
Event: 10.506 Thread 0x000001e732c94c10 Uncommon trap: reason=unstable_if action=reinterpret pc=0x000001e74422db58 method=java.util.Objects.equals(Ljava/lang/Object;Ljava/lang/Object;)Z @ 6 c2
Event: 10.506 Thread 0x000001e732c94c10 DEOPT PACKING pc=0x000001e74422db58 sp=0x00000035a3dfb160
Event: 10.506 Thread 0x000001e732c94c10 DEOPT UNPACKING pc=0x000001e73c6ee42f sp=0x00000035a3dfb100 mode 2
Event: 10.543 Thread 0x000001e732c94c10 Uncommon trap: trap_request=0xffffff45 fr.pc=0x000001e744291044 relative=0x00000000000001a4
Event: 10.543 Thread 0x000001e732c94c10 Uncommon trap: reason=unstable_if action=reinterpret pc=0x000001e744291044 method=com.mysql.cj.protocol.a.NativePacketPayload.readInteger(Lcom/mysql/cj/protocol/a/NativeConstants$IntegerDataType;)J @ 582 c2
Event: 10.543 Thread 0x000001e732c94c10 DEOPT PACKING pc=0x000001e744291044 sp=0x00000035a3df98b0
Event: 10.543 Thread 0x000001e732c94c10 DEOPT UNPACKING pc=0x000001e73c6ee42f sp=0x00000035a3df9840 mode 2
Event: 10.603 Thread 0x000001e732c94c10 Uncommon trap: trap_request=0xffffff45 fr.pc=0x000001e7444e3884 relative=0x0000000000003224
Event: 10.603 Thread 0x000001e732c94c10 Uncommon trap: reason=unstable_if action=reinterpret pc=0x000001e7444e3884 method=org.springframework.core.annotation.AnnotationsScanner.processClass(Ljava/lang/Object;Ljava/lang/Class;Lorg/springframework/core/annotation/MergedAnnotations$SearchStrategy;
Event: 10.603 Thread 0x000001e732c94c10 DEOPT PACKING pc=0x000001e7444e3884 sp=0x00000035a3dfd110
Event: 10.603 Thread 0x000001e732c94c10 DEOPT UNPACKING pc=0x000001e73c6ee42f sp=0x00000035a3dfcf50 mode 2
Event: 10.603 Thread 0x000001e732c94c10 Uncommon trap: trap_request=0xffffffde fr.pc=0x000001e7444db5fc relative=0x00000000000016fc
Event: 10.603 Thread 0x000001e732c94c10 Uncommon trap: reason=class_check action=maybe_recompile pc=0x000001e7444db5fc method=org.springframework.core.annotation.AnnotationsScanner.processMethodInheritedAnnotations(Ljava/lang/Object;Ljava/lang/reflect/Method;Lorg/springframework/core/annotation
Event: 10.603 Thread 0x000001e732c94c10 DEOPT PACKING pc=0x000001e7444db5fc sp=0x00000035a3dfd0b0
Event: 10.603 Thread 0x000001e732c94c10 DEOPT UNPACKING pc=0x000001e73c6ee42f sp=0x00000035a3dfd048 mode 2
Event: 10.612 Thread 0x000001e732c94c10 Uncommon trap: trap_request=0xffffffde fr.pc=0x000001e7444db5fc relative=0x00000000000016fc
Event: 10.612 Thread 0x000001e732c94c10 Uncommon trap: reason=class_check action=maybe_recompile pc=0x000001e7444db5fc method=org.springframework.core.annotation.AnnotationsScanner.processMethodInheritedAnnotations(Ljava/lang/Object;Ljava/lang/reflect/Method;Lorg/springframework/core/annotation
Event: 10.612 Thread 0x000001e732c94c10 DEOPT PACKING pc=0x000001e7444db5fc sp=0x00000035a3dfd220
Event: 10.612 Thread 0x000001e732c94c10 DEOPT UNPACKING pc=0x000001e73c6ee42f sp=0x00000035a3dfd1b8 mode 2

Classes unloaded (0 events):
No events

Classes redefined (0 events):
No events

Internal exceptions (20 events):
Event: 10.051 Thread 0x000001e732c94c10 Exception <a 'java/lang/ClassNotFoundException'{0x00000000860dc198}: org/springframework/beans/factory/DisposableBeanCustomizer> (0x00000000860dc198) 
thrown [./open/src/hotspot/share/classfile/systemDictionary.cpp, line 295]
Event: 10.053 Thread 0x000001e732c94c10 Exception <a 'java/lang/ClassNotFoundException'{0x0000000085f13588}: java/lang/ObjectCustomizer> (0x0000000085f13588) 
thrown [./open/src/hotspot/share/classfile/systemDictionary.cpp, line 295]
Event: 10.053 Thread 0x000001e732c94c10 Exception <a 'java/lang/ClassNotFoundException'{0x0000000085f1c390}: org/springframework/web/multipart/support/StandardServletMultipartResolverCustomizer> (0x0000000085f1c390) 
thrown [./open/src/hotspot/share/classfile/systemDictionary.cpp, line 295]
Event: 10.054 Thread 0x000001e732c94c10 Exception <a 'java/lang/ClassNotFoundException'{0x0000000085f25d40}: org/springframework/web/multipart/MultipartResolverCustomizer> (0x0000000085f25d40) 
thrown [./open/src/hotspot/share/classfile/systemDictionary.cpp, line 295]
Event: 10.090 Thread 0x000001e732c94c10 Exception <a 'java/lang/ClassNotFoundException'{0x0000000085eed110}: java/lang/ObjectCustomizer> (0x0000000085eed110) 
thrown [./open/src/hotspot/share/classfile/systemDictionary.cpp, line 295]
Event: 10.090 Thread 0x000001e732c94c10 Exception <a 'java/lang/ClassNotFoundException'{0x0000000085ef5470}: com/scorsaro/bbas/controller/impl/AccountHolderControllerTestCustomizer> (0x0000000085ef5470) 
thrown [./open/src/hotspot/share/classfile/systemDictionary.cpp, line 295]
Event: 10.101 Thread 0x000001e732c94c10 Exception <a 'java/lang/NoSuchMethodError'{0x0000000085d43540}: 'java.lang.Object java.lang.invoke.DirectMethodHandle$Holder.newInvokeSpecial(java.lang.Object, java.lang.Object, java.lang.Object, java.lang.Object, int)'> (0x0000000085d43540) 
thrown [./open/src/hotspot/share/interpreter/linkResolver.cpp, line 782]
Event: 10.101 Thread 0x000001e732c94c10 Exception <a 'java/lang/NoSuchMethodError'{0x0000000085d47b40}: 'java.lang.Object java.lang.invoke.DirectMethodHandle$Holder.invokeSpecial(java.lang.Object, java.lang.Object, java.lang.Object, java.lang.Object, java.lang.Object, int)'> (0x0000000085d47b40) 
thrown [./open/src/hotspot/share/interpreter/linkResolver.cpp, line 782]
Event: 10.101 Thread 0x000001e732c94c10 Exception <a 'java/lang/NoSuchMethodError'{0x0000000085d4bad0}: 'java.lang.Object java.lang.invoke.Invokers$Holder.linkToTargetMethod(java.lang.Object, java.lang.Object, java.lang.Object, int, java.lang.Object)'> (0x0000000085d4bad0) 
thrown [./open/src/hotspot/share/interpreter/linkResolver.cpp, line 782]
Event: 10.220 Thread 0x000001e732c94c10 Implicit null exception at 0x000001e7443fce4c to 0x000001e7443fd67c
Event: 10.220 Thread 0x000001e732c94c10 Implicit null exception at 0x000001e7442c1f41 to 0x000001e7442c3330
Event: 10.246 Thread 0x000001e732c94c10 Exception <a 'java/lang/ClassNotFoundException'{0x000000008575f130}: java/lang/ClassLoader$ByteBuddyAccessor$tEmByFYR> (0x000000008575f130) 
thrown [./open/src/hotspot/share/classfile/systemDictionary.cpp, line 295]
Event: 10.269 Thread 0x000001e732c94c10 Exception <a 'java/lang/IncompatibleClassChangeError'{0x0000000085681458}: Found class java.lang.Object, but interface was expected> (0x0000000085681458) 
thrown [./open/src/hotspot/share/interpreter/linkResolver.cpp, line 848]
Event: 10.445 Thread 0x000001e732c94c10 Exception <a 'java/lang/ClassNotFoundException'{0x000000008524b228}: java/lang/ObjectCustomizer> (0x000000008524b228) 
thrown [./open/src/hotspot/share/classfile/systemDictionary.cpp, line 295]
Event: 10.445 Thread 0x000001e732c94c10 Exception <a 'java/lang/ClassNotFoundException'{0x00000000852537b0}: com/scorsaro/bbas/model/users/UserCustomizer> (0x00000000852537b0) 
thrown [./open/src/hotspot/share/classfile/systemDictionary.cpp, line 295]
Event: 10.446 Thread 0x000001e732c94c10 Exception <a 'java/lang/ClassNotFoundException'{0x000000008525de10}: com/scorsaro/bbas/model/users/AccountHolderCustomizer> (0x000000008525de10) 
thrown [./open/src/hotspot/share/classfile/systemDictionary.cpp, line 295]
Event: 10.516 Thread 0x000001e732c94c10 Exception <a 'java/lang/ClassNotFoundException'{0x00000000850d5630}: java/lang/ObjectCustomizer> (0x00000000850d5630) 
thrown [./open/src/hotspot/share/classfile/systemDictionary.cpp, line 295]
Event: 10.516 Thread 0x000001e732c94c10 Exception <a 'java/lang/ClassNotFoundException'{0x00000000850ddbb8}: com/scorsaro/bbas/model/users/RoleCustomizer> (0x00000000850ddbb8) 
thrown [./open/src/hotspot/share/classfile/systemDictionary.cpp, line 295]
Event: 10.526 Thread 0x000001e732c94c10 Exception <a 'java/lang/IncompatibleClassChangeError'{0x0000000084f200d0}: Found class java.lang.Object, but interface was expected> (0x0000000084f200d0) 
thrown [./open/src/hotspot/share/interpreter/linkResolver.cpp, line 848]
Event: 10.557 Thread 0x000001e732c94c10 Exception <a 'java/lang/NoSuchMethodError'{0x0000000089307850}: 'java.lang.Object java.lang.invoke.DirectMethodHandle$Holder.invokeStaticInit(java.lang.Object, java.lang.Object, java.lang.Object, java.lang.Object, java.lang.Object, java.lang.Object)'> (0x0000000089307850) 
thrown [./open/src/hotspot/share/interpreter/linkResolver.cpp, line 782]

Events (20 events):
Event: 10.262 loading class java/io/FileWriter
Event: 10.262 loading class java/io/FileWriter done
Event: 10.279 Executing VM operation: HandshakeAllThreads
Event: 10.279 Executing VM operation: HandshakeAllThreads done
Event: 10.294 Executing VM operation: HandshakeAllThreads
Event: 10.294 Executing VM operation: HandshakeAllThreads done
Event: 10.444 Executing VM operation: HandshakeAllThreads
Event: 10.445 Executing VM operation: HandshakeAllThreads done
Event: 10.445 loading class java/lang/ObjectCustomizer
Event: 10.445 loading class java/lang/ObjectCustomizer done
Event: 10.445 loading class java/lang/ObjectCustomizer
Event: 10.445 loading class java/lang/ObjectCustomizer done
Event: 10.516 loading class java/lang/ObjectCustomizer
Event: 10.516 loading class java/lang/ObjectCustomizer done
Event: 10.516 loading class java/lang/ObjectCustomizer
Event: 10.516 loading class java/lang/ObjectCustomizer done
Event: 10.547 Executing VM operation: G1CollectForAllocation
Event: 10.556 Executing VM operation: G1CollectForAllocation done
Event: 10.605 loading class java/util/concurrent/ConcurrentHashMap$ValueSpliterator
Event: 10.605 loading class java/util/concurrent/ConcurrentHashMap$ValueSpliterator done


Dynamic libraries:
0x00007ff6c1570000 - 0x00007ff6c157d000 	C:\Users\salva\.jdks\openjdk-15.0.1\bin\java.exe
0x00007ffc2b7d0000 - 0x00007ffc2b9c6000 	C:\Windows\SYSTEM32\ntdll.dll
0x00007ffc2b6d0000 - 0x00007ffc2b78d000 	C:\Windows\System32\KERNEL32.DLL
0x00007ffc29160000 - 0x00007ffc29429000 	C:\Windows\System32\KERNELBASE.dll
0x00007ffc294e0000 - 0x00007ffc295e0000 	C:\Windows\System32\ucrtbase.dll
0x00007ffc22010000 - 0x00007ffc22029000 	C:\Users\salva\.jdks\openjdk-15.0.1\bin\VCRUNTIME140.dll
0x00007ffc24160000 - 0x00007ffc24178000 	C:\Users\salva\.jdks\openjdk-15.0.1\bin\jli.dll
0x00007ffc2a8f0000 - 0x00007ffc2aa90000 	C:\Windows\System32\USER32.dll
0x00007ffc28f90000 - 0x00007ffc28fb2000 	C:\Windows\System32\win32u.dll
0x00007ffc2ab00000 - 0x00007ffc2ab2a000 	C:\Windows\System32\GDI32.dll
0x00007ffc13610000 - 0x00007ffc138ab000 	C:\Windows\WinSxS\amd64_microsoft.windows.common-controls_6595b64144ccf1df_6.0.19041.746_none_ca02b4b61b8320a4\COMCTL32.dll
0x00007ffc29020000 - 0x00007ffc2912b000 	C:\Windows\System32\gdi32full.dll
0x00007ffc2a6a0000 - 0x00007ffc2a73e000 	C:\Windows\System32\msvcrt.dll
0x00007ffc29790000 - 0x00007ffc2982d000 	C:\Windows\System32\msvcp_win.dll
0x00007ffc2ae50000 - 0x00007ffc2ae80000 	C:\Windows\System32\IMM32.DLL
0x00007ffc25370000 - 0x00007ffc2537c000 	C:\Users\salva\.jdks\openjdk-15.0.1\bin\vcruntime140_1.dll
0x00007ffc20a90000 - 0x00007ffc20b21000 	C:\Users\salva\.jdks\openjdk-15.0.1\bin\msvcp140.dll
0x00007ffbde930000 - 0x00007ffbdf48e000 	C:\Users\salva\.jdks\openjdk-15.0.1\bin\server\jvm.dll
0x00007ffc2ada0000 - 0x00007ffc2ae4c000 	C:\Windows\System32\ADVAPI32.dll
0x00007ffc2a130000 - 0x00007ffc2a1cc000 	C:\Windows\System32\sechost.dll
0x00007ffc2a000000 - 0x00007ffc2a12b000 	C:\Windows\System32\RPCRT4.dll
0x00007ffc2aee0000 - 0x00007ffc2aee8000 	C:\Windows\System32\PSAPI.DLL
0x00007ffc18af0000 - 0x00007ffc18af9000 	C:\Windows\SYSTEM32\WSOCK32.dll
0x00007ffc22170000 - 0x00007ffc22197000 	C:\Windows\SYSTEM32\WINMM.dll
0x00007ffc2aef0000 - 0x00007ffc2af5b000 	C:\Windows\System32\WS2_32.dll
0x00007ffc22e80000 - 0x00007ffc22e8a000 	C:\Windows\SYSTEM32\VERSION.dll
0x00007ffc26e80000 - 0x00007ffc26e92000 	C:\Windows\SYSTEM32\kernel.appcore.dll
0x00007ffc245c0000 - 0x00007ffc245ca000 	C:\Users\salva\.jdks\openjdk-15.0.1\bin\jimage.dll
0x00007ffc12900000 - 0x00007ffc12ae4000 	C:\Windows\SYSTEM32\DBGHELP.DLL
0x00007ffc12630000 - 0x00007ffc1265c000 	C:\Windows\SYSTEM32\dbgcore.DLL
0x00007ffc28f10000 - 0x00007ffc28f90000 	C:\Windows\System32\bcryptPrimitives.dll
0x00007ffc21860000 - 0x00007ffc2186e000 	C:\Users\salva\.jdks\openjdk-15.0.1\bin\instrument.dll
0x00007ffc21fe0000 - 0x00007ffc22005000 	C:\Users\salva\.jdks\openjdk-15.0.1\bin\java.dll
0x00007ffc2af60000 - 0x00007ffc2b6a2000 	C:\Windows\System32\SHELL32.dll
0x00007ffc27080000 - 0x00007ffc27810000 	C:\Windows\SYSTEM32\windows.storage.dll
0x00007ffc29830000 - 0x00007ffc29b86000 	C:\Windows\System32\combase.dll
0x00007ffc28970000 - 0x00007ffc2899c000 	C:\Windows\SYSTEM32\Wldp.dll
0x00007ffc29f50000 - 0x00007ffc29ffe000 	C:\Windows\System32\SHCORE.dll
0x00007ffc2a890000 - 0x00007ffc2a8e5000 	C:\Windows\System32\shlwapi.dll
0x00007ffc28e40000 - 0x00007ffc28e66000 	C:\Windows\SYSTEM32\profapi.dll
0x00007ffc21d40000 - 0x00007ffc21d58000 	C:\Users\salva\.jdks\openjdk-15.0.1\bin\zip.dll
0x00007ffc21dc0000 - 0x00007ffc21dd9000 	C:\Users\salva\.jdks\openjdk-15.0.1\bin\net.dll
0x00007ffc185a0000 - 0x00007ffc186a0000 	C:\Windows\SYSTEM32\WINHTTP.dll
0x00007ffc286f0000 - 0x00007ffc2875a000 	C:\Windows\system32\mswsock.dll
0x00007ffc21d60000 - 0x00007ffc21d72000 	C:\Users\salva\.jdks\openjdk-15.0.1\bin\nio.dll
0x00007ffc17470000 - 0x00007ffc1748a000 	C:\Program Files\JetBrains\IntelliJ IDEA 2020.3\bin\breakgen64.dll
0x00007ffc21fd0000 - 0x00007ffc21fe0000 	C:\Users\salva\.jdks\openjdk-15.0.1\bin\verify.dll
0x00007ffc20b90000 - 0x00007ffc20b99000 	C:\Users\salva\.jdks\openjdk-15.0.1\bin\management.dll
0x00007ffc17390000 - 0x00007ffc1739b000 	C:\Users\salva\.jdks\openjdk-15.0.1\bin\management_ext.dll
0x00007ffc0dd80000 - 0x00007ffc0dd97000 	C:\Windows\system32\napinsp.dll
0x00007ffc0dd20000 - 0x00007ffc0dd3b000 	C:\Windows\system32\pnrpnsp.dll
0x00007ffc0dd00000 - 0x00007ffc0dd15000 	C:\Windows\system32\wshbth.dll
0x00007ffc24cd0000 - 0x00007ffc24ced000 	C:\Windows\system32\NLAapi.dll
0x00007ffc28390000 - 0x00007ffc283cb000 	C:\Windows\SYSTEM32\IPHLPAPI.DLL
0x00007ffc283e0000 - 0x00007ffc284ab000 	C:\Windows\SYSTEM32\DNSAPI.dll
0x00007ffc2aa90000 - 0x00007ffc2aa98000 	C:\Windows\System32\NSI.dll
0x00007ffc0dce0000 - 0x00007ffc0dcf2000 	C:\Windows\System32\winrnr.dll
0x00007ffc17d80000 - 0x00007ffc17d8a000 	C:\Windows\System32\rasadhlp.dll
0x00007ffc15fb0000 - 0x00007ffc1602f000 	C:\Windows\System32\fwpuclnt.dll
0x00007ffc29130000 - 0x00007ffc29157000 	C:\Windows\System32\bcrypt.dll
0x00007ffc288c0000 - 0x00007ffc288d8000 	C:\Windows\SYSTEM32\CRYPTSP.dll
0x00007ffc28020000 - 0x00007ffc28054000 	C:\Windows\system32\rsaenh.dll
0x00007ffc28e00000 - 0x00007ffc28e2e000 	C:\Windows\SYSTEM32\USERENV.dll
0x00007ffc288e0000 - 0x00007ffc288ec000 	C:\Windows\SYSTEM32\CRYPTBASE.dll
0x00007ffc22030000 - 0x00007ffc22047000 	C:\Windows\SYSTEM32\dhcpcsvc6.DLL
0x00007ffc22e30000 - 0x00007ffc22e4d000 	C:\Windows\SYSTEM32\dhcpcsvc.DLL
0x00007ffc17380000 - 0x00007ffc1738d000 	C:\Users\salva\.jdks\openjdk-15.0.1\bin\sunmscapi.dll
0x00007ffc295e0000 - 0x00007ffc29736000 	C:\Windows\System32\CRYPT32.dll
0x00007ffc289e0000 - 0x00007ffc28a07000 	C:\Windows\SYSTEM32\ncrypt.dll
0x00007ffc289a0000 - 0x00007ffc289db000 	C:\Windows\SYSTEM32\NTASN1.dll

dbghelp: loaded successfully - version: 4.0.5 - missing functions: none
symbol engine: initialized successfully - sym options: 0x614 - pdb path: .;C:\Users\salva\.jdks\openjdk-15.0.1\bin;C:\Windows\SYSTEM32;C:\Windows\WinSxS\amd64_microsoft.windows.common-controls_6595b64144ccf1df_6.0.19041.746_none_ca02b4b61b8320a4;C:\Users\salva\.jdks\openjdk-15.0.1\bin\server;C:\Program Files\JetBrains\IntelliJ IDEA 2020.3\bin

VM Arguments:
jvm_args: -ea -Didea.test.cyclic.buffer.size=1048576 -javaagent:C:\Program Files\JetBrains\IntelliJ IDEA 2020.3\lib\idea_rt.jar=59050:C:\Program Files\JetBrains\IntelliJ IDEA 2020.3\bin -Dfile.encoding=UTF-8 
java_command: com.intellij.rt.junit.JUnitStarter -ideVersion5 -junit5 com.scorsaro.bbas.controller.impl.AccountHolderControllerTest
java_class_path (initial): C:\Program Files\JetBrains\IntelliJ IDEA 2020.3\lib\idea_rt.jar;C:\Users\salva\.m2\repository\org\junit\platform\junit-platform-launcher\1.7.0\junit-platform-launcher-1.7.0.jar;C:\Program Files\JetBrains\IntelliJ IDEA 2020.3\plugins\junit\lib\junit5-rt.jar;C:\Program Files\JetBrains\IntelliJ IDEA 2020.3\plugins\junit\lib\junit-rt.jar;C:\Users\salva\IdeaProjects\IronHack-Java\midterm_project_bbas\target\test-classes;C:\Users\salva\IdeaProjects\IronHack-Java\midterm_project_bbas\target\classes;C:\Users\salva\.m2\repository\org\springframework\boot\spring-boot-starter-data-jdbc\2.4.2\spring-boot-starter-data-jdbc-2.4.2.jar;C:\Users\salva\.m2\repository\org\springframework\data\spring-data-jdbc\2.1.3\spring-data-jdbc-2.1.3.jar;C:\Users\salva\.m2\repository\org\springframework\data\spring-data-relational\2.1.3\spring-data-relational-2.1.3.jar;C:\Users\salva\.m2\repository\org\springframework\data\spring-data-commons\2.4.3\spring-data-commons-2.4.3.jar;C:\Users\salva\.m2\repository\org\springframework\spring-tx\5.3.3\spring-tx-5.3.3.jar;C:\Users\salva\.m2\repository\org\springframework\spring-context\5.3.3\spring-context-5.3.3.jar;C:\Users\salva\.m2\repository\org\springframework\spring-beans\5.3.3\spring-beans-5.3.3.jar;C:\Users\salva\.m2\repository\org\slf4j\slf4j-api\1.7.30\slf4j-api-1.7.30.jar;C:\Users\salva\.m2\repository\org\springframework\boot\spring-boot-starter-data-jpa\2.4.2\spring-boot-starter-data-jpa-2.4.2.jar;C:\Users\salva\.m2\repository\org\springframework\boot\spring-boot-starter-aop\2.4.2\spring-boot-starter-aop-2.4.2.jar;C:\Users\salva\.m2\repository\org\aspectj\aspectjweaver\1.9.6\aspectjweaver-1.9.6.jar;C:\Users\salva\.m2\repository\jakarta\transaction\jakarta.transaction-api\1.3.3\jakarta.transaction-api-1.3.3.jar;C:\Users\salva\.m2\repository\jakarta\persistence\jakarta.persistence-api\2.2.3\jakarta.persistence-api-2.2.3.jar;C:\Users\salva\.m2\repository\org\hibernate\hibernate-core\5.4.27.Final\hibernate-core-5.4.27.Fi
Launcher Type: SUN_STANDARD

[Global flags]
     intx CICompilerCount                          = 3                                         {product} {ergonomic}
     uint ConcGCThreads                            = 1                                         {product} {ergonomic}
     uint G1ConcRefinementThreads                  = 4                                         {product} {ergonomic}
   size_t G1HeapRegionSize                         = 1048576                                   {product} {ergonomic}
    uintx GCDrainStackTargetSize                   = 64                                        {product} {ergonomic}
   size_t InitialHeapSize                          = 134217728                                 {product} {ergonomic}
   size_t MarkStackSize                            = 4194304                                   {product} {ergonomic}
   size_t MaxHeapSize                              = 2126512128                                {product} {ergonomic}
   size_t MaxNewSize                               = 1275068416                                {product} {ergonomic}
   size_t MinHeapDeltaBytes                        = 1048576                                   {product} {ergonomic}
   size_t MinHeapSize                              = 8388608                                   {product} {ergonomic}
    uintx NonNMethodCodeHeapSize                   = 5832780                                {pd product} {ergonomic}
    uintx NonProfiledCodeHeapSize                  = 122912730                              {pd product} {ergonomic}
    uintx ProfiledCodeHeapSize                     = 122912730                              {pd product} {ergonomic}
    uintx ReservedCodeCacheSize                    = 251658240                              {pd product} {ergonomic}
     bool SegmentedCodeCache                       = true                                      {product} {ergonomic}
   size_t SoftMaxHeapSize                          = 2126512128                             {manageable} {ergonomic}
     bool UseCompressedClassPointers               = true                                 {lp64_product} {ergonomic}
     bool UseCompressedOops                        = true                                 {lp64_product} {ergonomic}
     bool UseG1GC                                  = true                                      {product} {ergonomic}
     bool UseLargePagesIndividualAllocation        = false                                  {pd product} {ergonomic}

Logging:
Log output configuration:
 #0: stdout all=warning uptime,level,tags
 #1: stderr all=off uptime,level,tags

Environment Variables:
JAVA_HOME=C:\Program Files\Java\jre1.8.0_251
PATH=C:\Program Files (x86)\Common Files\Oracle\Java\javapath;C:\Program Files\Common Files\Oracle\Java\javapath;C:\Windows\system32;C:\Windows;C:\Windows\System32\Wbem;C:\Windows\System32\WindowsPowerShell\v1.0\;C:\Windows\System32\OpenSSH\;C:\Program Files\NVIDIA Corporation\NVIDIA NvDLISR;C:\Program Files (x86)\NVIDIA Corporation\PhysX\Common;C:\Program Files\Calibre2\;C:\Program Files\Git\cmd;C:\Users\salva\AppData\Local\Microsoft\WindowsApps;C:\Users\salva\AppData\Local\Programs\Microsoft VS Code\bin;C:\Program Files\JetBrains\IntelliJ IDEA 2020.3\bin;;C:\Program Files\Java\jre1.8.0_251\bin;
USERNAME=salva
OS=Windows_NT
PROCESSOR_IDENTIFIER=Intel64 Family 6 Model 60 Stepping 3, GenuineIntel



---------------  S Y S T E M  ---------------

OS:
 Windows 10 , 64 bit Build 19041 (10.0.19041.804)
OS uptime: 1 days 14:08 hours

CPU: total 4 (initial active 4) (4 cores per cpu, 1 threads per core) family 6 model 60 stepping 3 microcode 0x27, cmov, cx8, fxsr, mmx, sse, sse2, sse3, ssse3, sse4.1, sse4.2, popcnt, vzeroupper, avx, avx2, aes, clmul, erms, lzcnt, tsc, tscinvbit, bmi1, bmi2, fma, clflush

Memory: 4k page, system-wide physical 8111M (1110M free)
TotalPageFile size 20911M (AvailPageFile size 6960M)
current process WorkingSet (physical memory assigned to process): 301M, peak: 305M
current process commit charge ("private bytes"): 350M, peak: 351M

vm_info: OpenJDK 64-Bit Server VM (15.0.1+9-18) for windows-amd64 JRE (15.0.1+9-18), built on Sep 15 2020 14:39:31 by "mach5one" with unknown MS VC++:1925

END.
